<?xml version="1.0" encoding="UTF-8"?>
<testsuite xmlns:xsi="http://www.w3.org/2001/XMLSchema-instance" xsi:noNamespaceSchemaLocation="https://maven.apache.org/surefire/maven-surefire-plugin/xsd/surefire-test-report.xsd" name="com.mycompany.app.GameStateTest" time="0.016" tests="8" errors="0" skipped="0" failures="0">
  <properties>
[...]
</properties>
  <testcase name="blueHerbCollectionTest" classname="com.mycompany.app.GameStateTest" time="0.003"/>
  <testcase name="gameOverFromLeftTest" classname="com.mycompany.app.GameStateTest" time="0.003"/>
  <testcase name="gameNotOverTest" classname="com.mycompany.app.GameStateTest" time="0.002"/>
  <testcase name="reachDoctorTest" classname="com.mycompany.app.GameStateTest" time="0.002"/>
  <testcase name="gameOverFromUpTest" classname="com.mycompany.app.GameStateTest" time="0.001"/>
  <testcase name="gameOverFromRightTest" classname="com.mycompany.app.GameStateTest" time="0.002"/>
  <testcase name="notReachedDoctorTest" classname="com.mycompany.app.GameStateTest" time="0.002"/>
  <testcase name="gameOverFromBottomTest" classname="com.mycompany.app.GameStateTest" time="0.001"/>
</testsuite>